2021-02-14T09:12:32+00:00 rabid-Lenovo-ideapad-320-17IKB#00 I: Runner: processes
2021-02-14T09:12:32+00:00 rabid-Lenovo-ideapad-320-17IKB#00 I: Chooser: simple
2021-02-14T09:12:32+00:00 rabid-Lenovo-ideapad-320-17IKB#00 I: Configuration suite_name = "all"
2021-02-14T09:12:32+00:00 rabid-Lenovo-ideapad-320-17IKB#00 I: Configuration cache_filename = "/home/rabid/rabidsquirrel4/cs-4-functional-programming/assignment2/oUnit-$(suite_name).cache"
2021-02-14T09:12:32+00:00 rabid-Lenovo-ideapad-320-17IKB#00 I: Configuration run_gc_full_major = "true"
2021-02-14T09:12:32+00:00 rabid-Lenovo-ideapad-320-17IKB#00 I: Configuration display = "true"
2021-02-14T09:12:32+00:00 rabid-Lenovo-ideapad-320-17IKB#00 I: Configuration results_style_1_X = "false"
2021-02-14T09:12:32+00:00 rabid-Lenovo-ideapad-320-17IKB#00 I: Configuration testdata_dir = "none"
2021-02-14T09:12:32+00:00 rabid-Lenovo-ideapad-320-17IKB#00 I: Configuration health_check_interval = "1."
2021-02-14T09:12:32+00:00 rabid-Lenovo-ideapad-320-17IKB#00 I: Configuration verbose = "false"
2021-02-14T09:12:32+00:00 rabid-Lenovo-ideapad-320-17IKB#00 I: Configuration chooser = "simple"
2021-02-14T09:12:32+00:00 rabid-Lenovo-ideapad-320-17IKB#00 I: Configuration output_html_dir = "none"
2021-02-14T09:12:32+00:00 rabid-Lenovo-ideapad-320-17IKB#00 I: Configuration processes_kill_period = "5."
2021-02-14T09:12:32+00:00 rabid-Lenovo-ideapad-320-17IKB#00 I: Configuration runner = "processes"
2021-02-14T09:12:32+00:00 rabid-Lenovo-ideapad-320-17IKB#00 I: Configuration shards = "4"
2021-02-14T09:12:32+00:00 rabid-Lenovo-ideapad-320-17IKB#00 I: Configuration processes_grace_period = "5."
2021-02-14T09:12:32+00:00 rabid-Lenovo-ideapad-320-17IKB#00 I: Configuration log_encoding = "utf-8"
2021-02-14T09:12:32+00:00 rabid-Lenovo-ideapad-320-17IKB#00 I: Configuration output_junit_file = "none"
2021-02-14T09:12:32+00:00 rabid-Lenovo-ideapad-320-17IKB#00 I: Configuration ci = "false"
2021-02-14T09:12:32+00:00 rabid-Lenovo-ideapad-320-17IKB#00 I: Configuration output_file = "/home/rabid/rabidsquirrel4/cs-4-functional-programming/assignment2/oUnit-$(suite_name)-$(shard_id).log"
2021-02-14T09:12:32+00:00 rabid-Lenovo-ideapad-320-17IKB#00 I: Using 4 workers maximum.
2021-02-14T09:12:32+00:00 rabid-Lenovo-ideapad-320-17IKB#00 I: Starting worker number rabid-Lenovo-ideapad-320-17IKB#01.
2021-02-14T09:12:32+00:00 rabid-Lenovo-ideapad-320-17IKB#00 I: Worker rabid-Lenovo-ideapad-320-17IKB#01 started.
2021-02-14T09:12:32+00:00 rabid-Lenovo-ideapad-320-17IKB#00 I: Starting worker number rabid-Lenovo-ideapad-320-17IKB#02.
2021-02-14T09:12:32+00:00 rabid-Lenovo-ideapad-320-17IKB#00 I: Worker rabid-Lenovo-ideapad-320-17IKB#02 started.
2021-02-14T09:12:32+00:00 rabid-Lenovo-ideapad-320-17IKB#00 I: Starting worker number rabid-Lenovo-ideapad-320-17IKB#03.
2021-02-14T09:12:32+00:00 rabid-Lenovo-ideapad-320-17IKB#00 I: Worker rabid-Lenovo-ideapad-320-17IKB#03 started.
2021-02-14T09:12:32+00:00 rabid-Lenovo-ideapad-320-17IKB#00 I: Starting worker number rabid-Lenovo-ideapad-320-17IKB#04.
2021-02-14T09:12:32+00:00 rabid-Lenovo-ideapad-320-17IKB#00 I: Worker rabid-Lenovo-ideapad-320-17IKB#04 started.
2021-02-14T09:12:32+00:00 rabid-Lenovo-ideapad-320-17IKB#00 I: 4 tests running: all:3:ifast_mult, all:2:fast_mult, all:1:ifast_expt, all:0:fast_expt.
2021-02-14T09:12:32+00:00 rabid-Lenovo-ideapad-320-17IKB#01 I: Start test all:0:fast_expt.
2021-02-14T09:12:32+00:00 rabid-Lenovo-ideapad-320-17IKB#02 I: Start test all:1:ifast_expt.
2021-02-14T09:12:32+00:00 rabid-Lenovo-ideapad-320-17IKB#03 I: Start test all:2:fast_mult.
2021-02-14T09:12:32+00:00 rabid-Lenovo-ideapad-320-17IKB#00 I: 4 tests running: all:3:ifast_mult, all:2:fast_mult, all:1:ifast_expt, all:0:fast_expt.
2021-02-14T09:12:32+00:00 rabid-Lenovo-ideapad-320-17IKB#04 I: Start test all:3:ifast_mult.
2021-02-14T09:12:32+00:00 rabid-Lenovo-ideapad-320-17IKB#00 I: 4 tests running: all:3:ifast_mult, all:2:fast_mult, all:1:ifast_expt, all:0:fast_expt.
2021-02-14T09:12:32+00:00 rabid-Lenovo-ideapad-320-17IKB#01 I: Test all:0:fast_expt is successful.
2021-02-14T09:12:32+00:00 rabid-Lenovo-ideapad-320-17IKB#00 I: 4 tests running: all:3:ifast_mult, all:2:fast_mult, all:1:ifast_expt, all:0:fast_expt.
2021-02-14T09:12:32+00:00 rabid-Lenovo-ideapad-320-17IKB#01 I: End test all:0:fast_expt.
2021-02-14T09:12:32+00:00 rabid-Lenovo-ideapad-320-17IKB#00 I: 4 tests running: all:3:ifast_mult, all:2:fast_mult, all:1:ifast_expt, all:0:fast_expt.
2021-02-14T09:12:32+00:00 rabid-Lenovo-ideapad-320-17IKB#00 I: 4 tests running: all:4:isum, all:3:ifast_mult, all:2:fast_mult, all:1:ifast_expt.
2021-02-14T09:12:32+00:00 rabid-Lenovo-ideapad-320-17IKB#01 I: Start test all:4:isum.
2021-02-14T09:12:32+00:00 rabid-Lenovo-ideapad-320-17IKB#00 I: 4 tests running: all:4:isum, all:3:ifast_mult, all:2:fast_mult, all:1:ifast_expt.
2021-02-14T09:12:32+00:00 rabid-Lenovo-ideapad-320-17IKB#02 I: Test all:1:ifast_expt is successful.
2021-02-14T09:12:32+00:00 rabid-Lenovo-ideapad-320-17IKB#00 I: 4 tests running: all:4:isum, all:3:ifast_mult, all:2:fast_mult, all:1:ifast_expt.
2021-02-14T09:12:32+00:00 rabid-Lenovo-ideapad-320-17IKB#02 I: End test all:1:ifast_expt.
2021-02-14T09:12:32+00:00 rabid-Lenovo-ideapad-320-17IKB#00 I: 4 tests running: all:4:isum, all:3:ifast_mult, all:2:fast_mult, all:1:ifast_expt.
2021-02-14T09:12:32+00:00 rabid-Lenovo-ideapad-320-17IKB#00 I: 4 tests running: all:5:product_rec, all:4:isum, all:3:ifast_mult, all:2:fast_mult.
2021-02-14T09:12:32+00:00 rabid-Lenovo-ideapad-320-17IKB#02 I: Start test all:5:product_rec.
2021-02-14T09:12:32+00:00 rabid-Lenovo-ideapad-320-17IKB#00 I: 4 tests running: all:5:product_rec, all:4:isum, all:3:ifast_mult, all:2:fast_mult.
2021-02-14T09:12:32+00:00 rabid-Lenovo-ideapad-320-17IKB#01 I: Test all:4:isum is successful.
2021-02-14T09:12:32+00:00 rabid-Lenovo-ideapad-320-17IKB#00 I: 4 tests running: all:5:product_rec, all:4:isum, all:3:ifast_mult, all:2:fast_mult.
2021-02-14T09:12:32+00:00 rabid-Lenovo-ideapad-320-17IKB#01 I: End test all:4:isum.
2021-02-14T09:12:32+00:00 rabid-Lenovo-ideapad-320-17IKB#00 I: 4 tests running: all:5:product_rec, all:4:isum, all:3:ifast_mult, all:2:fast_mult.
2021-02-14T09:12:32+00:00 rabid-Lenovo-ideapad-320-17IKB#00 I: 4 tests running: all:6:factorial_rec, all:5:product_rec, all:3:ifast_mult, all:2:fast_mult.
2021-02-14T09:12:32+00:00 rabid-Lenovo-ideapad-320-17IKB#03 I: Test all:2:fast_mult is successful.
2021-02-14T09:12:32+00:00 rabid-Lenovo-ideapad-320-17IKB#01 I: Start test all:6:factorial_rec.
2021-02-14T09:12:32+00:00 rabid-Lenovo-ideapad-320-17IKB#00 I: 4 tests running: all:6:factorial_rec, all:5:product_rec, all:3:ifast_mult, all:2:fast_mult.
2021-02-14T09:12:32+00:00 rabid-Lenovo-ideapad-320-17IKB#03 I: End test all:2:fast_mult.
2021-02-14T09:12:32+00:00 rabid-Lenovo-ideapad-320-17IKB#00 I: 4 tests running: all:6:factorial_rec, all:5:product_rec, all:3:ifast_mult, all:2:fast_mult.
2021-02-14T09:12:32+00:00 rabid-Lenovo-ideapad-320-17IKB#00 I: 4 tests running: all:7:product_iter, all:6:factorial_rec, all:5:product_rec, all:3:ifast_mult.
2021-02-14T09:12:32+00:00 rabid-Lenovo-ideapad-320-17IKB#02 I: Test all:5:product_rec is successful.
2021-02-14T09:12:32+00:00 rabid-Lenovo-ideapad-320-17IKB#03 I: Start test all:7:product_iter.
2021-02-14T09:12:32+00:00 rabid-Lenovo-ideapad-320-17IKB#00 I: 4 tests running: all:7:product_iter, all:6:factorial_rec, all:5:product_rec, all:3:ifast_mult.
2021-02-14T09:12:32+00:00 rabid-Lenovo-ideapad-320-17IKB#04 I: Test all:3:ifast_mult is successful.
2021-02-14T09:12:32+00:00 rabid-Lenovo-ideapad-320-17IKB#02 I: End test all:5:product_rec.
2021-02-14T09:12:32+00:00 rabid-Lenovo-ideapad-320-17IKB#00 I: 4 tests running: all:7:product_iter, all:6:factorial_rec, all:5:product_rec, all:3:ifast_mult.
2021-02-14T09:12:32+00:00 rabid-Lenovo-ideapad-320-17IKB#04 I: End test all:3:ifast_mult.
2021-02-14T09:12:32+00:00 rabid-Lenovo-ideapad-320-17IKB#00 I: 4 tests running: all:8:factorial_iter, all:7:product_iter, all:6:factorial_rec, all:3:ifast_mult.
2021-02-14T09:12:32+00:00 rabid-Lenovo-ideapad-320-17IKB#02 I: Start test all:8:factorial_iter.
2021-02-14T09:12:32+00:00 rabid-Lenovo-ideapad-320-17IKB#00 I: 4 tests running: all:9:pi_approx, all:8:factorial_iter, all:7:product_iter, all:6:factorial_rec.
2021-02-14T09:12:32+00:00 rabid-Lenovo-ideapad-320-17IKB#04 I: Start test all:9:pi_approx.
2021-02-14T09:12:32+00:00 rabid-Lenovo-ideapad-320-17IKB#00 I: 4 tests running: all:9:pi_approx, all:8:factorial_iter, all:7:product_iter, all:6:factorial_rec.
2021-02-14T09:12:32+00:00 rabid-Lenovo-ideapad-320-17IKB#01 I: Test all:6:factorial_rec is successful.
2021-02-14T09:12:32+00:00 rabid-Lenovo-ideapad-320-17IKB#00 I: 4 tests running: all:9:pi_approx, all:8:factorial_iter, all:7:product_iter, all:6:factorial_rec.
2021-02-14T09:12:32+00:00 rabid-Lenovo-ideapad-320-17IKB#01 I: End test all:6:factorial_rec.
2021-02-14T09:12:32+00:00 rabid-Lenovo-ideapad-320-17IKB#00 I: 4 tests running: all:9:pi_approx, all:8:factorial_iter, all:7:product_iter, all:6:factorial_rec.
2021-02-14T09:12:32+00:00 rabid-Lenovo-ideapad-320-17IKB#00 I: 4 tests running: all:10:sum, all:9:pi_approx, all:8:factorial_iter, all:7:product_iter.
2021-02-14T09:12:32+00:00 rabid-Lenovo-ideapad-320-17IKB#01 I: Start test all:10:sum.
2021-02-14T09:12:32+00:00 rabid-Lenovo-ideapad-320-17IKB#00 I: 4 tests running: all:10:sum, all:9:pi_approx, all:8:factorial_iter, all:7:product_iter.
2021-02-14T09:12:32+00:00 rabid-Lenovo-ideapad-320-17IKB#02 I: Test all:8:factorial_iter is successful.
2021-02-14T09:12:32+00:00 rabid-Lenovo-ideapad-320-17IKB#00 I: 4 tests running: all:10:sum, all:9:pi_approx, all:8:factorial_iter, all:7:product_iter.
2021-02-14T09:12:32+00:00 rabid-Lenovo-ideapad-320-17IKB#02 I: End test all:8:factorial_iter.
2021-02-14T09:12:32+00:00 rabid-Lenovo-ideapad-320-17IKB#00 I: 4 tests running: all:10:sum, all:9:pi_approx, all:8:factorial_iter, all:7:product_iter.
2021-02-14T09:12:32+00:00 rabid-Lenovo-ideapad-320-17IKB#00 I: 4 tests running: all:11:product, all:10:sum, all:9:pi_approx, all:7:product_iter.
2021-02-14T09:12:32+00:00 rabid-Lenovo-ideapad-320-17IKB#02 I: Start test all:11:product.
2021-02-14T09:12:32+00:00 rabid-Lenovo-ideapad-320-17IKB#00 I: 4 tests running: all:11:product, all:10:sum, all:9:pi_approx, all:7:product_iter.
2021-02-14T09:12:32+00:00 rabid-Lenovo-ideapad-320-17IKB#03 I: Test all:7:product_iter is successful.
2021-02-14T09:12:32+00:00 rabid-Lenovo-ideapad-320-17IKB#00 I: 4 tests running: all:11:product, all:10:sum, all:9:pi_approx, all:7:product_iter.
2021-02-14T09:12:32+00:00 rabid-Lenovo-ideapad-320-17IKB#03 I: End test all:7:product_iter.
2021-02-14T09:12:32+00:00 rabid-Lenovo-ideapad-320-17IKB#00 I: 4 tests running: all:11:product, all:10:sum, all:9:pi_approx, all:7:product_iter.
2021-02-14T09:12:32+00:00 rabid-Lenovo-ideapad-320-17IKB#00 I: 4 tests running: all:12:compose, all:11:product, all:10:sum, all:9:pi_approx.
2021-02-14T09:12:32+00:00 rabid-Lenovo-ideapad-320-17IKB#03 I: Start test all:12:compose.
2021-02-14T09:12:32+00:00 rabid-Lenovo-ideapad-320-17IKB#00 I: 4 tests running: all:12:compose, all:11:product, all:10:sum, all:9:pi_approx.
2021-02-14T09:12:32+00:00 rabid-Lenovo-ideapad-320-17IKB#04 I: Test all:9:pi_approx is successful.
2021-02-14T09:12:32+00:00 rabid-Lenovo-ideapad-320-17IKB#00 I: 4 tests running: all:12:compose, all:11:product, all:10:sum, all:9:pi_approx.
2021-02-14T09:12:32+00:00 rabid-Lenovo-ideapad-320-17IKB#04 I: End test all:9:pi_approx.
2021-02-14T09:12:32+00:00 rabid-Lenovo-ideapad-320-17IKB#00 I: 4 tests running: all:12:compose, all:11:product, all:10:sum, all:9:pi_approx.
2021-02-14T09:12:32+00:00 rabid-Lenovo-ideapad-320-17IKB#00 I: 4 tests running: all:13:repeated, all:12:compose, all:11:product, all:10:sum.
2021-02-14T09:12:32+00:00 rabid-Lenovo-ideapad-320-17IKB#01 I: Test all:10:sum is successful.
2021-02-14T09:12:32+00:00 rabid-Lenovo-ideapad-320-17IKB#04 I: Start test all:13:repeated.
2021-02-14T09:12:32+00:00 rabid-Lenovo-ideapad-320-17IKB#00 I: 4 tests running: all:13:repeated, all:12:compose, all:11:product, all:10:sum.
2021-02-14T09:12:32+00:00 rabid-Lenovo-ideapad-320-17IKB#01 I: End test all:10:sum.
2021-02-14T09:12:32+00:00 rabid-Lenovo-ideapad-320-17IKB#00 I: 4 tests running: all:13:repeated, all:12:compose, all:11:product, all:10:sum.
2021-02-14T09:12:32+00:00 rabid-Lenovo-ideapad-320-17IKB#00 I: 4 tests running: all:14:is_prime, all:13:repeated, all:12:compose, all:11:product.
2021-02-14T09:12:32+00:00 rabid-Lenovo-ideapad-320-17IKB#01 I: Start test all:14:is_prime.
2021-02-14T09:12:32+00:00 rabid-Lenovo-ideapad-320-17IKB#00 I: 4 tests running: all:14:is_prime, all:13:repeated, all:12:compose, all:11:product.
2021-02-14T09:12:32+00:00 rabid-Lenovo-ideapad-320-17IKB#02 I: Test all:11:product is successful.
2021-02-14T09:12:32+00:00 rabid-Lenovo-ideapad-320-17IKB#00 I: 4 tests running: all:14:is_prime, all:13:repeated, all:12:compose, all:11:product.
2021-02-14T09:12:32+00:00 rabid-Lenovo-ideapad-320-17IKB#02 I: End test all:11:product.
2021-02-14T09:12:32+00:00 rabid-Lenovo-ideapad-320-17IKB#00 I: 4 tests running: all:14:is_prime, all:13:repeated, all:12:compose, all:11:product.
2021-02-14T09:12:32+00:00 rabid-Lenovo-ideapad-320-17IKB#00 I: Still 4 tests running : all:15:smallest_prime_factor, all:14:is_prime, all:13:repeated, all:12:compose.
2021-02-14T09:12:32+00:00 rabid-Lenovo-ideapad-320-17IKB#00 I: 4 tests running: all:15:smallest_prime_factor, all:14:is_prime, all:13:repeated, all:12:compose.
2021-02-14T09:12:32+00:00 rabid-Lenovo-ideapad-320-17IKB#02 I: Start test all:15:smallest_prime_factor.
2021-02-14T09:12:32+00:00 rabid-Lenovo-ideapad-320-17IKB#00 I: Still 4 tests running : all:15:smallest_prime_factor, all:14:is_prime, all:13:repeated, all:12:compose.
2021-02-14T09:12:32+00:00 rabid-Lenovo-ideapad-320-17IKB#00 I: 4 tests running: all:15:smallest_prime_factor, all:14:is_prime, all:13:repeated, all:12:compose.
2021-02-14T09:12:32+00:00 rabid-Lenovo-ideapad-320-17IKB#03 I: Test all:12:compose is successful.
2021-02-14T09:12:32+00:00 rabid-Lenovo-ideapad-320-17IKB#00 I: Still 4 tests running : all:15:smallest_prime_factor, all:14:is_prime, all:13:repeated, all:12:compose.
2021-02-14T09:12:32+00:00 rabid-Lenovo-ideapad-320-17IKB#00 I: 4 tests running: all:15:smallest_prime_factor, all:14:is_prime, all:13:repeated, all:12:compose.
2021-02-14T09:12:32+00:00 rabid-Lenovo-ideapad-320-17IKB#03 I: End test all:12:compose.
2021-02-14T09:12:32+00:00 rabid-Lenovo-ideapad-320-17IKB#00 I: Still 4 tests running : all:15:smallest_prime_factor, all:14:is_prime, all:13:repeated, all:12:compose.
2021-02-14T09:12:32+00:00 rabid-Lenovo-ideapad-320-17IKB#00 I: 4 tests running: all:15:smallest_prime_factor, all:14:is_prime, all:13:repeated, all:12:compose.
2021-02-14T09:12:32+00:00 rabid-Lenovo-ideapad-320-17IKB#04 I: Test all:13:repeated is successful.
2021-02-14T09:12:32+00:00 rabid-Lenovo-ideapad-320-17IKB#01 I: Test all:14:is_prime is successful.
2021-02-14T09:12:32+00:00 rabid-Lenovo-ideapad-320-17IKB#00 I: Still 3 tests running : all:15:smallest_prime_factor, all:14:is_prime, all:13:repeated.
2021-02-14T09:12:32+00:00 rabid-Lenovo-ideapad-320-17IKB#00 I: 3 tests running: all:15:smallest_prime_factor, all:14:is_prime, all:13:repeated.
2021-02-14T09:12:32+00:00 rabid-Lenovo-ideapad-320-17IKB#04 I: End test all:13:repeated.
2021-02-14T09:12:32+00:00 rabid-Lenovo-ideapad-320-17IKB#01 I: End test all:14:is_prime.
2021-02-14T09:12:32+00:00 rabid-Lenovo-ideapad-320-17IKB#00 I: Still 3 tests running : all:15:smallest_prime_factor, all:14:is_prime, all:13:repeated.
2021-02-14T09:12:32+00:00 rabid-Lenovo-ideapad-320-17IKB#00 I: 3 tests running: all:15:smallest_prime_factor, all:14:is_prime, all:13:repeated.
2021-02-14T09:12:32+00:00 rabid-Lenovo-ideapad-320-17IKB#00 I: Still 1 tests running : all:15:smallest_prime_factor.
2021-02-14T09:12:32+00:00 rabid-Lenovo-ideapad-320-17IKB#00 I: 1 tests running: all:15:smallest_prime_factor.
2021-02-14T09:12:32+00:00 rabid-Lenovo-ideapad-320-17IKB#02 I: Test all:15:smallest_prime_factor is successful.
2021-02-14T09:12:32+00:00 rabid-Lenovo-ideapad-320-17IKB#00 I: Still 1 tests running : all:15:smallest_prime_factor.
2021-02-14T09:12:32+00:00 rabid-Lenovo-ideapad-320-17IKB#00 I: 1 tests running: all:15:smallest_prime_factor.
2021-02-14T09:12:32+00:00 rabid-Lenovo-ideapad-320-17IKB#02 I: End test all:15:smallest_prime_factor.
2021-02-14T09:12:32+00:00 rabid-Lenovo-ideapad-320-17IKB#00 I: Still 1 tests running : all:15:smallest_prime_factor.
2021-02-14T09:12:32+00:00 rabid-Lenovo-ideapad-320-17IKB#00 I: 1 tests running: all:15:smallest_prime_factor.
2021-02-14T09:12:32+00:00 rabid-Lenovo-ideapad-320-17IKB#00 I: 0 tests running: .
2021-02-14T09:12:32+00:00 rabid-Lenovo-ideapad-320-17IKB#00 I: Worker rabid-Lenovo-ideapad-320-17IKB#03 has ended.
2021-02-14T09:12:33+00:00 rabid-Lenovo-ideapad-320-17IKB#00 I: Worker rabid-Lenovo-ideapad-320-17IKB#04 has ended.
2021-02-14T09:12:33+00:00 rabid-Lenovo-ideapad-320-17IKB#00 I: Worker rabid-Lenovo-ideapad-320-17IKB#01 has ended.
2021-02-14T09:12:33+00:00 rabid-Lenovo-ideapad-320-17IKB#00 I: Worker rabid-Lenovo-ideapad-320-17IKB#02 has ended.
2021-02-14T09:12:33+00:00 rabid-Lenovo-ideapad-320-17IKB#00 I: Used 4 worker during test execution.
2021-02-14T09:12:33+00:00 rabid-Lenovo-ideapad-320-17IKB#00 I: Run 3 tests with shard rabid-Lenovo-ideapad-320-17IKB#04.
2021-02-14T09:12:33+00:00 rabid-Lenovo-ideapad-320-17IKB#00 I: Run 5 tests with shard rabid-Lenovo-ideapad-320-17IKB#01.
2021-02-14T09:12:33+00:00 rabid-Lenovo-ideapad-320-17IKB#00 I: Run 5 tests with shard rabid-Lenovo-ideapad-320-17IKB#02.
2021-02-14T09:12:33+00:00 rabid-Lenovo-ideapad-320-17IKB#00 I: Run 3 tests with shard rabid-Lenovo-ideapad-320-17IKB#03.
2021-02-14T09:12:33+00:00 rabid-Lenovo-ideapad-320-17IKB#00 I: Check health of shard rabid-Lenovo-ideapad-320-17IKB#04, 4 times.
2021-02-14T09:12:33+00:00 rabid-Lenovo-ideapad-320-17IKB#00 I: Check health of shard rabid-Lenovo-ideapad-320-17IKB#01, 4 times.
2021-02-14T09:12:33+00:00 rabid-Lenovo-ideapad-320-17IKB#00 I: Check health of shard rabid-Lenovo-ideapad-320-17IKB#03, 6 times.
2021-02-14T09:12:33+00:00 rabid-Lenovo-ideapad-320-17IKB#00 I: Check health of shard rabid-Lenovo-ideapad-320-17IKB#02, 1 times.
2021-02-14T09:12:33+00:00 rabid-Lenovo-ideapad-320-17IKB#00 I: ==============
2021-02-14T09:12:33+00:00 rabid-Lenovo-ideapad-320-17IKB#00 I: Summary:
2021-02-14T09:12:33+00:00 rabid-Lenovo-ideapad-320-17IKB#00 I: Test all:15:smallest_prime_factor is successful.
2021-02-14T09:12:33+00:00 rabid-Lenovo-ideapad-320-17IKB#00 I: Test all:14:is_prime is successful.
2021-02-14T09:12:33+00:00 rabid-Lenovo-ideapad-320-17IKB#00 I: Test all:13:repeated is successful.
2021-02-14T09:12:33+00:00 rabid-Lenovo-ideapad-320-17IKB#00 I: Test all:12:compose is successful.
2021-02-14T09:12:33+00:00 rabid-Lenovo-ideapad-320-17IKB#00 I: Test all:11:product is successful.
2021-02-14T09:12:33+00:00 rabid-Lenovo-ideapad-320-17IKB#00 I: Test all:10:sum is successful.
2021-02-14T09:12:33+00:00 rabid-Lenovo-ideapad-320-17IKB#00 I: Test all:9:pi_approx is successful.
2021-02-14T09:12:33+00:00 rabid-Lenovo-ideapad-320-17IKB#00 I: Test all:7:product_iter is successful.
2021-02-14T09:12:33+00:00 rabid-Lenovo-ideapad-320-17IKB#00 I: Test all:8:factorial_iter is successful.
2021-02-14T09:12:33+00:00 rabid-Lenovo-ideapad-320-17IKB#00 I: Test all:6:factorial_rec is successful.
2021-02-14T09:12:33+00:00 rabid-Lenovo-ideapad-320-17IKB#00 I: Test all:3:ifast_mult is successful.
2021-02-14T09:12:33+00:00 rabid-Lenovo-ideapad-320-17IKB#00 I: Test all:5:product_rec is successful.
2021-02-14T09:12:33+00:00 rabid-Lenovo-ideapad-320-17IKB#00 I: Test all:2:fast_mult is successful.
2021-02-14T09:12:33+00:00 rabid-Lenovo-ideapad-320-17IKB#00 I: Test all:4:isum is successful.
2021-02-14T09:12:33+00:00 rabid-Lenovo-ideapad-320-17IKB#00 I: Test all:1:ifast_expt is successful.
2021-02-14T09:12:33+00:00 rabid-Lenovo-ideapad-320-17IKB#00 I: Test all:0:fast_expt is successful.
2021-02-14T09:12:33+00:00 rabid-Lenovo-ideapad-320-17IKB#00 I: Ran: 16 tests in: 0.12 seconds.
2021-02-14T09:12:33+00:00 rabid-Lenovo-ideapad-320-17IKB#00 I: Cases: 16.
2021-02-14T09:12:33+00:00 rabid-Lenovo-ideapad-320-17IKB#00 I: Tried: 16.
2021-02-14T09:12:33+00:00 rabid-Lenovo-ideapad-320-17IKB#00 I: Errors: 0.
2021-02-14T09:12:33+00:00 rabid-Lenovo-ideapad-320-17IKB#00 I: Failures: 0.
2021-02-14T09:12:33+00:00 rabid-Lenovo-ideapad-320-17IKB#00 I: Skip: 0.
2021-02-14T09:12:33+00:00 rabid-Lenovo-ideapad-320-17IKB#00 I: Todo: 0.
2021-02-14T09:12:33+00:00 rabid-Lenovo-ideapad-320-17IKB#00 I: Timeout: 0.
